Copyright 1986-2022 Xilinx, Inc. All Rights Reserved. Copyright 2022-2024 Advanced Micro Devices, Inc. All Rights Reserved.
---------------------------------------------------------------------------------------------------------------------------------------------
| Tool Version : Vivado v.2024.1 (lin64) Build 5076996 Wed May 22 18:36:09 MDT 2024
| Date         : Mon Nov 18 21:37:09 2024
| Host         : eecs-digital-05 running 64-bit Ubuntu 24.04.1 LTS
| Command      : report_timing -file obj/post_place_timing.rpt
| Design       : top_level
| Device       : 7s50-csga324
| Speed File   : -1  PRODUCTION 1.23 2018-06-13
| Design State : Fully Placed
---------------------------------------------------------------------------------------------------------------------------------------------

Timing Report

Slack (MET) :             0.504ns  (required time - arrival time)
  Source:                 addra_reg/CLK
                            (rising edge-triggered cell DSP48E1 clocked by clk_camera_cw_fast  {rise@0.000ns fall@2.500ns period=5.000ns})
  Destination:            frame_buffer/U0/inst_blk_mem_gen/gnbram.gnativebmg.native_blk_mem_gen/valid.cstr/ramloop[11].ram.r/prim_noinit.ram/DEVICE_7SERIES.NO_BMM_INFO.TRUE_DP.SIMPLE_PRIM36.ram/ENARDEN
                            (rising edge-triggered cell RAMB36E1 clocked by clk_camera_cw_fast  {rise@0.000ns fall@2.500ns period=5.000ns})
  Path Group:             clk_camera_cw_fast
  Path Type:              Setup (Max at Slow Process Corner)
  Requirement:            5.000ns  (clk_camera_cw_fast rise@5.000ns - clk_camera_cw_fast rise@0.000ns)
  Data Path Delay:        3.831ns  (logic 0.558ns (14.565%)  route 3.273ns (85.435%))
  Logic Levels:           1  (LUT5=1)
  Clock Path Skew:        -0.155ns (DCD - SCD + CPR)
    Destination Clock Delay (DCD):    -2.077ns = ( 2.923 - 5.000 ) 
    Source Clock Delay      (SCD):    -2.429ns
    Clock Pessimism Removal (CPR):    -0.507ns
  Clock Uncertainty:      0.067ns  ((TSJ^2 + DJ^2)^1/2) / 2 + PE
    Total System Jitter     (TSJ):    0.071ns
    Discrete Jitter          (DJ):    0.113ns
    Phase Error              (PE):    0.000ns

    Location             Delay type                Incr(ns)  Path(ns)    Netlist Resource(s)
  -------------------------------------------------------------------    -------------------
                         (clock clk_camera_cw_fast rise edge)
                                                      0.000     0.000 r  
    N15                                               0.000     0.000 r  clk_100mhz (IN)
                         net (fo=0)                   0.000     0.000    wizard_migcam/clk_100mhz
    N15                  IBUF (Prop_ibuf_I_O)         1.440     1.440 r  wizard_migcam/clkin1_ibufg/O
                         net (fo=1, estimated)        1.253     2.693    wizard_migcam/clk_in1_cw_fast
    PLLE2_ADV_X0Y0       PLLE2_ADV (Prop_plle2_adv_CLKIN1_CLKOUT2)
                                                     -8.525    -5.832 r  wizard_migcam/plle2_adv_inst/CLKOUT2
                         net (fo=1, estimated)        1.660    -4.172    wizard_migcam/clk_camera_cw_fast
    BUFGCTRL_X0Y2        BUFG (Prop_bufg_I_O)         0.096    -4.076 r  wizard_migcam/clkout3_buf/O
                         net (fo=223, estimated)      1.647    -2.429    clk_camera
    DSP48_X0Y8           DSP48E1                                      r  addra_reg/CLK
  -------------------------------------------------------------------    -------------------
    DSP48_X0Y8           DSP48E1 (Prop_dsp48e1_CLK_P[13])
                                                      0.434    -1.995 f  addra_reg/P[13]
                         net (fo=32, estimated)       1.589    -0.406    frame_buffer/U0/inst_blk_mem_gen/gnbram.gnativebmg.native_blk_mem_gen/valid.cstr/ramloop[11].ram.r/prim_noinit.ram/addra[13]
    SLICE_X12Y32         LUT5 (Prop_lut5_I0_O)        0.124    -0.282 r  frame_buffer/U0/inst_blk_mem_gen/gnbram.gnativebmg.native_blk_mem_gen/valid.cstr/ramloop[11].ram.r/prim_noinit.ram/DEVICE_7SERIES.NO_BMM_INFO.TRUE_DP.SIMPLE_PRIM36.ram_ENARDEN_cooolgate_en_gate_84_LOPT_REMAP/O
                         net (fo=1, estimated)        1.684     1.402    frame_buffer/U0/inst_blk_mem_gen/gnbram.gnativebmg.native_blk_mem_gen/valid.cstr/ramloop[11].ram.r/prim_noinit.ram/DEVICE_7SERIES.NO_BMM_INFO.TRUE_DP.SIMPLE_PRIM36.ram_ENARDEN_cooolgate_en_sig_58
    RAMB36_X1Y6          RAMB36E1                                     r  frame_buffer/U0/inst_blk_mem_gen/gnbram.gnativebmg.native_blk_mem_gen/valid.cstr/ramloop[11].ram.r/prim_noinit.ram/DEVICE_7SERIES.NO_BMM_INFO.TRUE_DP.SIMPLE_PRIM36.ram/ENARDEN
  -------------------------------------------------------------------    -------------------

                         (clock clk_camera_cw_fast rise edge)
                                                      5.000     5.000 r  
    N15                                               0.000     5.000 r  clk_100mhz (IN)
                         net (fo=0)                   0.000     5.000    wizard_migcam/clk_100mhz
    N15                  IBUF (Prop_ibuf_I_O)         1.370     6.370 r  wizard_migcam/clkin1_ibufg/O
                         net (fo=1, estimated)        1.190     7.561    wizard_migcam/clk_in1_cw_fast
    PLLE2_ADV_X0Y0       PLLE2_ADV (Prop_plle2_adv_CLKIN1_CLKOUT2)
                                                     -7.790    -0.229 r  wizard_migcam/plle2_adv_inst/CLKOUT2
                         net (fo=1, estimated)        1.577     1.348    wizard_migcam/clk_camera_cw_fast
    BUFGCTRL_X0Y2        BUFG (Prop_bufg_I_O)         0.091     1.439 r  wizard_migcam/clkout3_buf/O
                         net (fo=223, estimated)      1.484     2.923    frame_buffer/U0/inst_blk_mem_gen/gnbram.gnativebmg.native_blk_mem_gen/valid.cstr/ramloop[11].ram.r/prim_noinit.ram/clka
    RAMB36_X1Y6          RAMB36E1                                     r  frame_buffer/U0/inst_blk_mem_gen/gnbram.gnativebmg.native_blk_mem_gen/valid.cstr/ramloop[11].ram.r/prim_noinit.ram/DEVICE_7SERIES.NO_BMM_INFO.TRUE_DP.SIMPLE_PRIM36.ram/CLKARDCLK
                         clock pessimism             -0.507     2.416    
                         clock uncertainty           -0.067     2.349    
    RAMB36_X1Y6          RAMB36E1 (Setup_ramb36e1_CLKARDCLK_ENARDEN)
                                                     -0.443     1.906    frame_buffer/U0/inst_blk_mem_gen/gnbram.gnativebmg.native_blk_mem_gen/valid.cstr/ramloop[11].ram.r/prim_noinit.ram/DEVICE_7SERIES.NO_BMM_INFO.TRUE_DP.SIMPLE_PRIM36.ram
  -------------------------------------------------------------------
                         required time                          1.906    
                         arrival time                          -1.402    
  -------------------------------------------------------------------
                         slack                                  0.504    




