Copyright 1986-2022 Xilinx, Inc. All Rights Reserved. Copyright 2022-2024 Advanced Micro Devices, Inc. All Rights Reserved.
---------------------------------------------------------------------------------------------------------------------------------------------
| Tool Version : Vivado v.2024.1 (lin64) Build 5076996 Wed May 22 18:36:09 MDT 2024
| Date         : Thu Nov 14 16:35:07 2024
| Host         : eecs-digital-25 running 64-bit Ubuntu 24.04.1 LTS
| Command      : report_timing -file obj/post_route_timing.rpt
| Design       : top_level
| Device       : 7s50-csga324
| Speed File   : -1  PRODUCTION 1.23 2018-06-13
| Design State : Routed
---------------------------------------------------------------------------------------------------------------------------------------------

Timing Report

Slack (MET) :             0.388ns  (required time - arrival time)
  Source:                 crw/sccb_c/delay_reg_reg[3]/C
                            (rising edge-triggered cell FDRE clocked by clk_camera_cw_fast  {rise@0.000ns fall@2.500ns period=5.000ns})
  Destination:            crw/sccb_c/delay_reg_reg[3]/CE
                            (rising edge-triggered cell FDRE clocked by clk_camera_cw_fast  {rise@0.000ns fall@2.500ns period=5.000ns})
  Path Group:             clk_camera_cw_fast
  Path Type:              Setup (Max at Slow Process Corner)
  Requirement:            5.000ns  (clk_camera_cw_fast rise@5.000ns - clk_camera_cw_fast rise@0.000ns)
  Data Path Delay:        4.376ns  (logic 1.244ns (28.429%)  route 3.132ns (71.571%))
  Logic Levels:           4  (LUT4=1 LUT6=3)
  Clock Path Skew:        0.000ns (DCD - SCD + CPR)
    Destination Clock Delay (DCD):    -2.026ns = ( 2.974 - 5.000 ) 
    Source Clock Delay      (SCD):    -2.415ns
    Clock Pessimism Removal (CPR):    -0.389ns
  Clock Uncertainty:      0.067ns  ((TSJ^2 + DJ^2)^1/2) / 2 + PE
    Total System Jitter     (TSJ):    0.071ns
    Discrete Jitter          (DJ):    0.113ns
    Phase Error              (PE):    0.000ns

    Location             Delay type                Incr(ns)  Path(ns)    Netlist Resource(s)
  -------------------------------------------------------------------    -------------------
                         (clock clk_camera_cw_fast rise edge)
                                                      0.000     0.000 r  
    N15                                               0.000     0.000 r  clk_100mhz (IN)
                         net (fo=0)                   0.000     0.000    wizard_migcam/clk_100mhz
    N15                  IBUF (Prop_ibuf_I_O)         1.440     1.440 r  wizard_migcam/clkin1_ibufg/O
                         net (fo=1, routed)           1.253     2.693    wizard_migcam/clk_in1_cw_fast
    PLLE2_ADV_X0Y0       PLLE2_ADV (Prop_plle2_adv_CLKIN1_CLKOUT2)
                                                     -8.486    -5.792 r  wizard_migcam/plle2_adv_inst/CLKOUT2
                         net (fo=1, routed)           1.660    -4.132    wizard_migcam/clk_camera_cw_fast
    BUFGCTRL_X0Y2        BUFG (Prop_bufg_I_O)         0.096    -4.036 r  wizard_migcam/clkout3_buf/O
                         net (fo=223, routed)         1.621    -2.415    crw/sccb_c/clk_camera
    SLICE_X2Y64          FDRE                                         r  crw/sccb_c/delay_reg_reg[3]/C
  -------------------------------------------------------------------    -------------------
    SLICE_X2Y64          FDRE (Prop_fdre_C_Q)         0.518    -1.897 r  crw/sccb_c/delay_reg_reg[3]/Q
                         net (fo=3, routed)           0.816    -1.081    crw/sccb_c/delay_reg[3]
    SLICE_X0Y65          LUT4 (Prop_lut4_I2_O)        0.152    -0.929 r  crw/sccb_c/FSM_sequential_phy_state_reg[3]_i_6/O
                         net (fo=1, routed)           0.742    -0.187    crw/sccb_c/FSM_sequential_phy_state_reg[3]_i_6_n_0
    SLICE_X2Y65          LUT6 (Prop_lut6_I0_O)        0.326     0.139 r  crw/sccb_c/FSM_sequential_phy_state_reg[3]_i_3/O
                         net (fo=20, routed)          0.537     0.676    crw/sccb_c/FSM_sequential_phy_state_reg[3]_i_3_n_0
    SLICE_X3Y64          LUT6 (Prop_lut6_I0_O)        0.124     0.800 r  crw/sccb_c/delay_reg[16]_i_3/O
                         net (fo=1, routed)           0.402     1.202    crw/sccb_c/delay_reg[16]_i_3_n_0
    SLICE_X3Y64          LUT6 (Prop_lut6_I1_O)        0.124     1.326 r  crw/sccb_c/delay_reg[16]_i_1/O
                         net (fo=17, routed)          0.635     1.961    crw/sccb_c/delay_reg[16]_i_1_n_0
    SLICE_X2Y64          FDRE                                         r  crw/sccb_c/delay_reg_reg[3]/CE
  -------------------------------------------------------------------    -------------------

                         (clock clk_camera_cw_fast rise edge)
                                                      5.000     5.000 r  
    N15                                               0.000     5.000 r  clk_100mhz (IN)
                         net (fo=0)                   0.000     5.000    wizard_migcam/clk_100mhz
    N15                  IBUF (Prop_ibuf_I_O)         1.370     6.370 r  wizard_migcam/clkin1_ibufg/O
                         net (fo=1, routed)           1.181     7.551    wizard_migcam/clk_in1_cw_fast
    PLLE2_ADV_X0Y0       PLLE2_ADV (Prop_plle2_adv_CLKIN1_CLKOUT2)
                                                     -7.753    -0.202 r  wizard_migcam/plle2_adv_inst/CLKOUT2
                         net (fo=1, routed)           1.582     1.380    wizard_migcam/clk_camera_cw_fast
    BUFGCTRL_X0Y2        BUFG (Prop_bufg_I_O)         0.091     1.471 r  wizard_migcam/clkout3_buf/O
                         net (fo=223, routed)         1.504     2.974    crw/sccb_c/clk_camera
    SLICE_X2Y64          FDRE                                         r  crw/sccb_c/delay_reg_reg[3]/C
                         clock pessimism             -0.389     2.585    
                         clock uncertainty           -0.067     2.518    
    SLICE_X2Y64          FDRE (Setup_fdre_C_CE)      -0.169     2.349    crw/sccb_c/delay_reg_reg[3]
  -------------------------------------------------------------------
                         required time                          2.349    
                         arrival time                          -1.961    
  -------------------------------------------------------------------
                         slack                                  0.388    




