#! /opt/homebrew/Cellar/icarus-verilog/12.0/bin/vvp
:ivl_version "12.0 (stable)";
:ivl_delay_selection "TYPICAL";
:vpi_time_precision + 0;
:vpi_module "/opt/homebrew/Cellar/icarus-verilog/12.0/lib/ivl/system.vpi";
:vpi_module "/opt/homebrew/Cellar/icarus-verilog/12.0/lib/ivl/vhdl_sys.vpi";
:vpi_module "/opt/homebrew/Cellar/icarus-verilog/12.0/lib/ivl/vhdl_textio.vpi";
:vpi_module "/opt/homebrew/Cellar/icarus-verilog/12.0/lib/ivl/v2005_math.vpi";
:vpi_module "/opt/homebrew/Cellar/icarus-verilog/12.0/lib/ivl/va_math.vpi";
:vpi_module "/opt/homebrew/Cellar/icarus-verilog/12.0/lib/ivl/v2009.vpi";
S_0x139704550 .scope package, "$unit" "$unit" 2 1;
 .timescale 0 0;
S_0x139707870 .scope module, "line_buffer" "line_buffer" 3 3;
 .timescale 0 0;
    .port_info 0 /INPUT 1 "clk_in";
    .port_info 1 /INPUT 1 "rst_in";
    .port_info 2 /INPUT 11 "hcount_in";
    .port_info 3 /INPUT 10 "vcount_in";
    .port_info 4 /INPUT 16 "pixel_data_in";
    .port_info 5 /INPUT 1 "data_valid_in";
    .port_info 6 /OUTPUT 48 "line_buffer_out";
    .port_info 7 /OUTPUT 11 "hcount_out";
    .port_info 8 /OUTPUT 10 "vcount_out";
    .port_info 9 /OUTPUT 1 "data_valid_out";
P_0x600001d88e40 .param/l "HRES" 0 3 17, +C4<00000000000000000000010100000000>;
P_0x600001d88e80 .param/l "KERNEL_SIZE" 1 3 20, +C4<00000000000000000000000000000011>;
P_0x600001d88ec0 .param/l "VRES" 0 3 18, +C4<00000000000000000000001011010000>;
o0x140040010 .functor BUFZ 1, C4<z>; HiZ drive
v0x600001a88000_0 .net "clk_in", 0 0, o0x140040010;  0 drivers
o0x140040040 .functor BUFZ 1, C4<z>; HiZ drive
v0x600001a88090_0 .net "data_valid_in", 0 0, o0x140040040;  0 drivers
v0x600001a88120_0 .var "data_valid_out", 0 0;
v0x600001a881b0_0 .var "first_data_valid_in", 0 0;
v0x600001a88240_0 .var "first_hcount_data", 10 0;
v0x600001a882d0_0 .var "first_stage_data", 63 0;
v0x600001a88360_0 .var "first_vcount_data", 9 0;
o0x140040160 .functor BUFZ 11, C4<zzzzzzzzzzz>; HiZ drive
v0x600001a883f0_0 .net "hcount_in", 10 0, o0x140040160;  0 drivers
v0x600001a88480_0 .var "hcount_out", 10 0;
v0x600001a88510_0 .var "line_buffer_out", 47 0;
o0x1400401f0 .functor BUFZ 16, C4<zzzzzzzzzzzzzzzz>; HiZ drive
v0x600001a885a0_0 .net "pixel_data_in", 15 0, o0x1400401f0;  0 drivers
o0x140040220 .functor BUFZ 1, C4<z>; HiZ drive
v0x600001a88630_0 .net "rst_in", 0 0, o0x140040220;  0 drivers
v0x600001a886c0_0 .var "second_data_valid_in", 0 0;
v0x600001a88750_0 .var "second_hcount_data", 10 0;
v0x600001a887e0_0 .var "second_stage_data", 47 0;
v0x600001a88870_0 .var "second_vcount_data", 9 0;
o0x140040310 .functor BUFZ 10, C4<zzzzzzzzzz>; HiZ drive
v0x600001a88900_0 .net "vcount_in", 9 0, o0x140040310;  0 drivers
v0x600001a88990_0 .var "vcount_out", 9 0;
v0x600001a88a20_0 .var "write_enable", 1 0;
E_0x600003d8f5c0 .event posedge, v0x600001a88000_0;
S_0x1397079e0 .scope generate, "genblk1[0]" "genblk1[0]" 3 38, 3 38 0, S_0x139707870;
 .timescale 0 0;
P_0x600003d8f600 .param/l "i" 1 3 38, +C4<00>;
S_0x139707b50 .scope generate, "genblk1[1]" "genblk1[1]" 3 38, 3 38 0, S_0x139707870;
 .timescale 0 0;
P_0x600003d8f680 .param/l "i" 1 3 38, +C4<01>;
S_0x139707cc0 .scope generate, "genblk1[2]" "genblk1[2]" 3 38, 3 38 0, S_0x139707870;
 .timescale 0 0;
P_0x600003d8f700 .param/l "i" 1 3 38, +C4<010>;
S_0x139707e30 .scope generate, "genblk1[3]" "genblk1[3]" 3 38, 3 38 0, S_0x139707870;
 .timescale 0 0;
P_0x600003d8f780 .param/l "i" 1 3 38, +C4<011>;
    .scope S_0x139707870;
T_0 ;
    %wait E_0x600003d8f5c0;
    %load/vec4 v0x600001a88630_0;
    %flag_set/vec4 8;
    %jmp/0xz  T_0.0, 8;
    %pushi/vec4 0, 0, 2;
    %assign/vec4 v0x600001a88a20_0, 0;
    %pushi/vec4 0, 0, 64;
    %assign/vec4 v0x600001a882d0_0, 0;
    %pushi/vec4 0, 0, 1;
    %assign/vec4 v0x600001a88120_0, 0;
    %pushi/vec4 0, 0, 48;
    %assign/vec4 v0x600001a88510_0, 0;
    %pushi/vec4 0, 0, 11;
    %assign/vec4 v0x600001a88480_0, 0;
    %pushi/vec4 0, 0, 10;
    %assign/vec4 v0x600001a88990_0, 0;
    %pushi/vec4 0, 0, 11;
    %assign/vec4 v0x600001a88240_0, 0;
    %pushi/vec4 0, 0, 10;
    %assign/vec4 v0x600001a88360_0, 0;
    %pushi/vec4 0, 0, 1;
    %assign/vec4 v0x600001a881b0_0, 0;
    %pushi/vec4 0, 0, 1;
    %assign/vec4 v0x600001a886c0_0, 0;
    %pushi/vec4 0, 0, 11;
    %assign/vec4 v0x600001a88750_0, 0;
    %pushi/vec4 0, 0, 48;
    %assign/vec4 v0x600001a887e0_0, 0;
    %pushi/vec4 0, 0, 10;
    %assign/vec4 v0x600001a88870_0, 0;
    %jmp T_0.1;
T_0.0 ;
    %load/vec4 v0x600001a88090_0;
    %flag_set/vec4 8;
    %jmp/0xz  T_0.2, 8;
    %load/vec4 v0x600001a88090_0;
    %assign/vec4 v0x600001a881b0_0, 0;
    %load/vec4 v0x600001a881b0_0;
    %assign/vec4 v0x600001a886c0_0, 0;
    %load/vec4 v0x600001a886c0_0;
    %assign/vec4 v0x600001a88120_0, 0;
    %load/vec4 v0x600001a88a20_0;
    %pad/u 32;
    %cmpi/e 2, 0, 32;
    %jmp/0xz  T_0.4, 4;
    %pushi/vec4 0, 0, 2;
    %assign/vec4 v0x600001a88a20_0, 0;
    %jmp T_0.5;
T_0.4 ;
    %load/vec4 v0x600001a88a20_0;
    %addi 1, 0, 2;
    %assign/vec4 v0x600001a88a20_0, 0;
T_0.5 ;
    %load/vec4 v0x600001a883f0_0;
    %assign/vec4 v0x600001a88240_0, 0;
    %load/vec4 v0x600001a88240_0;
    %assign/vec4 v0x600001a88750_0, 0;
    %load/vec4 v0x600001a88750_0;
    %assign/vec4 v0x600001a88480_0, 0;
    %load/vec4 v0x600001a88900_0;
    %assign/vec4 v0x600001a88360_0, 0;
    %load/vec4 v0x600001a88360_0;
    %assign/vec4 v0x600001a88870_0, 0;
    %load/vec4 v0x600001a88870_0;
    %pad/u 32;
    %cmpi/u 2, 0, 32;
    %jmp/0xz  T_0.6, 5;
    %pushi/vec4 720, 0, 32;
    %load/vec4 v0x600001a88870_0;
    %pad/u 32;
    %sub;
    %addi 2, 0, 32;
    %pad/u 10;
    %assign/vec4 v0x600001a88990_0, 0;
    %jmp T_0.7;
T_0.6 ;
    %load/vec4 v0x600001a88870_0;
    %assign/vec4 v0x600001a88990_0, 0;
T_0.7 ;
    %load/vec4 v0x600001a88a20_0;
    %cmpi/e 0, 0, 2;
    %jmp/0xz  T_0.8, 4;
    %load/vec4 v0x600001a882d0_0;
    %parti/s 16, 16, 6;
    %load/vec4 v0x600001a882d0_0;
    %parti/s 16, 32, 7;
    %concat/vec4; draw_concat_vec4
    %load/vec4 v0x600001a882d0_0;
    %parti/s 16, 48, 7;
    %concat/vec4; draw_concat_vec4
    %assign/vec4 v0x600001a887e0_0, 0;
    %jmp T_0.9;
T_0.8 ;
    %load/vec4 v0x600001a88a20_0;
    %cmpi/e 1, 0, 2;
    %jmp/0xz  T_0.10, 4;
    %load/vec4 v0x600001a882d0_0;
    %parti/s 16, 32, 7;
    %load/vec4 v0x600001a882d0_0;
    %parti/s 16, 48, 7;
    %concat/vec4; draw_concat_vec4
    %load/vec4 v0x600001a882d0_0;
    %parti/s 16, 0, 2;
    %concat/vec4; draw_concat_vec4
    %assign/vec4 v0x600001a887e0_0, 0;
    %jmp T_0.11;
T_0.10 ;
    %load/vec4 v0x600001a88a20_0;
    %cmpi/e 2, 0, 2;
    %jmp/0xz  T_0.12, 4;
    %load/vec4 v0x600001a882d0_0;
    %parti/s 16, 48, 7;
    %load/vec4 v0x600001a882d0_0;
    %parti/s 16, 0, 2;
    %concat/vec4; draw_concat_vec4
    %load/vec4 v0x600001a882d0_0;
    %parti/s 16, 16, 6;
    %concat/vec4; draw_concat_vec4
    %assign/vec4 v0x600001a887e0_0, 0;
    %jmp T_0.13;
T_0.12 ;
    %load/vec4 v0x600001a882d0_0;
    %parti/s 16, 0, 2;
    %load/vec4 v0x600001a882d0_0;
    %parti/s 16, 16, 6;
    %concat/vec4; draw_concat_vec4
    %load/vec4 v0x600001a882d0_0;
    %parti/s 16, 32, 7;
    %concat/vec4; draw_concat_vec4
    %assign/vec4 v0x600001a887e0_0, 0;
T_0.13 ;
T_0.11 ;
T_0.9 ;
    %load/vec4 v0x600001a887e0_0;
    %assign/vec4 v0x600001a88510_0, 0;
T_0.2 ;
T_0.1 ;
    %jmp T_0;
    .thread T_0;
# The file index is used to find the file name in the following table.
:file_names 4;
    "N/A";
    "<interactive>";
    "-";
    "line_buffer.sv";
