Copyright 1986-2022 Xilinx, Inc. All Rights Reserved. Copyright 2022-2024 Advanced Micro Devices, Inc. All Rights Reserved.
---------------------------------------------------------------------------------------------------------------------------------------------
| Tool Version : Vivado v.2024.1 (lin64) Build 5076996 Wed May 22 18:36:09 MDT 2024
| Date         : Fri Dec  6 15:52:43 2024
| Host         : eecs-digital-45 running 64-bit Ubuntu 24.04.1 LTS
| Command      : report_timing_summary -file obj/post_synth_timing_summary.rpt
| Design       : top_level
| Device       : 7s50-csga324
| Speed File   : -1  PRODUCTION 1.23 2018-06-13
| Design State : Synthesized
---------------------------------------------------------------------------------------------------------------------------------------------

Timing Summary Report

------------------------------------------------------------------------------------------------
| Timer Settings
| --------------
------------------------------------------------------------------------------------------------

  Enable Multi Corner Analysis               :  Yes
  Enable Pessimism Removal                   :  Yes
  Pessimism Removal Resolution               :  Nearest Common Node
  Enable Input Delay Default Clock           :  No
  Enable Preset / Clear Arcs                 :  No
  Disable Flight Delays                      :  No
  Ignore I/O Paths                           :  No
  Timing Early Launch at Borrowing Latches   :  No
  Borrow Time for Max Delay Exceptions       :  Yes
  Merge Timing Exceptions                    :  Yes
  Inter-SLR Compensation                     :  Conservative

  Corner  Analyze    Analyze    
  Name    Max Paths  Min Paths  
  ------  ---------  ---------  
  Slow    Yes        Yes        
  Fast    Yes        Yes        


------------------------------------------------------------------------------------------------
| Report Methodology
| ------------------
------------------------------------------------------------------------------------------------

No report available as report_methodology has not been run prior. Run report_methodology on the current design for the summary of methodology violations.



check_timing report

Table of Contents
-----------------
1. checking no_clock (0)
2. checking constant_clock (0)
3. checking pulse_width_clock (0)
4. checking unconstrained_internal_endpoints (0)
5. checking no_input_delay (12)
6. checking no_output_delay (16)
7. checking multiple_clock (0)
8. checking generated_clocks (0)
9. checking loops (0)
10. checking partial_input_delay (0)
11. checking partial_output_delay (0)
12. checking latch_loops (0)

1. checking no_clock (0)
------------------------
 There are 0 register/latch pins with no clock.


2. checking constant_clock (0)
------------------------------
 There are 0 register/latch pins with constant_clock.


3. checking pulse_width_clock (0)
---------------------------------
 There are 0 register/latch pins which need pulse_width check


4. checking unconstrained_internal_endpoints (0)
------------------------------------------------
 There are 0 pins that are not constrained for maximum delay.

 There are 0 pins that are not constrained for maximum delay due to constant clock.


5. checking no_input_delay (12)
-------------------------------
 There are 12 input ports with no input delay specified. (HIGH)

 There are 0 input ports with no input delay but user has a false path constraint.


6. checking no_output_delay (16)
--------------------------------
 There are 16 ports with no output delay specified. (HIGH)

 There are 0 ports with no output delay but user has a false path constraint

 There are 0 ports with no output delay but with a timing clock defined on it or propagating through it


7. checking multiple_clock (0)
------------------------------
 There are 0 register/latch pins with multiple clocks.


8. checking generated_clocks (0)
--------------------------------
 There are 0 generated clocks that are not connected to a clock source.


9. checking loops (0)
---------------------
 There are 0 combinational loops in the design.


10. checking partial_input_delay (0)
------------------------------------
 There are 0 input ports with partial input delay specified.


11. checking partial_output_delay (0)
-------------------------------------
 There are 0 ports with partial output delay specified.


12. checking latch_loops (0)
----------------------------
 There are 0 combinational latch loops in the design through latch input



------------------------------------------------------------------------------------------------
| Design Timing Summary
| ---------------------
------------------------------------------------------------------------------------------------

    WNS(ns)      TNS(ns)  TNS Failing Endpoints  TNS Total Endpoints      WHS(ns)      THS(ns)  THS Failing Endpoints  THS Total Endpoints     WPWS(ns)     TPWS(ns)  TPWS Failing Endpoints  TPWS Total Endpoints  
    -------      -------  ---------------------  -------------------      -------      -------  ---------------------  -------------------     --------     --------  ----------------------  --------------------  
      4.249        0.000                      0                  168        0.177        0.000                      0                  168        3.500        0.000                       0                    75  


All user specified timing constraints are met.


------------------------------------------------------------------------------------------------
| Clock Summary
| -------------
------------------------------------------------------------------------------------------------

Clock  Waveform(ns)       Period(ns)      Frequency(MHz)
-----  ------------       ----------      --------------
gclk   {0.000 4.000}      10.000          100.000         


------------------------------------------------------------------------------------------------
| Intra Clock Table
| -----------------
------------------------------------------------------------------------------------------------

Clock             WNS(ns)      TNS(ns)  TNS Failing Endpoints  TNS Total Endpoints      WHS(ns)      THS(ns)  THS Failing Endpoints  THS Total Endpoints     WPWS(ns)     TPWS(ns)  TPWS Failing Endpoints  TPWS Total Endpoints  
-----             -------      -------  ---------------------  -------------------      -------      -------  ---------------------  -------------------     --------     --------  ----------------------  --------------------  
gclk                4.249        0.000                      0                  168        0.177        0.000                      0                  168        3.500        0.000                       0                    75  


------------------------------------------------------------------------------------------------
| Inter Clock Table
| -----------------
------------------------------------------------------------------------------------------------

From Clock    To Clock          WNS(ns)      TNS(ns)  TNS Failing Endpoints  TNS Total Endpoints      WHS(ns)      THS(ns)  THS Failing Endpoints  THS Total Endpoints  
----------    --------          -------      -------  ---------------------  -------------------      -------      -------  ---------------------  -------------------  


------------------------------------------------------------------------------------------------
| Other Path Groups Table
| -----------------------
------------------------------------------------------------------------------------------------

Path Group    From Clock    To Clock          WNS(ns)      TNS(ns)  TNS Failing Endpoints  TNS Total Endpoints      WHS(ns)      THS(ns)  THS Failing Endpoints  THS Total Endpoints  
----------    ----------    --------          -------      -------  ---------------------  -------------------      -------      -------  ---------------------  -------------------  


------------------------------------------------------------------------------------------------
| Timing Details
| --------------
------------------------------------------------------------------------------------------------


---------------------------------------------------------------------------------------------------
From Clock:  gclk
  To Clock:  gclk

Setup :            0  Failing Endpoints,  Worst Slack        4.249ns,  Total Violation        0.000ns
Hold  :            0  Failing Endpoints,  Worst Slack        0.177ns,  Total Violation        0.000ns
PW    :            0  Failing Endpoints,  Worst Slack        3.500ns,  Total Violation        0.000ns
---------------------------------------------------------------------------------------------------


Max Delay Paths
--------------------------------------------------------------------------------------
Slack (MET) :             4.249ns  (required time - arrival time)
  Source:                 ball/y_center_reg[0]/C
                            (rising edge-triggered cell FDRE clocked by gclk  {rise@0.000ns fall@4.000ns period=10.000ns})
  Destination:            ball/in_circle1/B[9]
                            (rising edge-triggered cell DSP48E1 clocked by gclk  {rise@0.000ns fall@4.000ns period=10.000ns})
  Path Group:             gclk
  Path Type:              Setup (Max at Slow Process Corner)
  Requirement:            10.000ns  (gclk rise@10.000ns - gclk rise@0.000ns)
  Data Path Delay:        4.942ns  (logic 2.999ns (60.687%)  route 1.943ns (39.313%))
  Logic Levels:           7  (CARRY4=5 LUT2=1 LUT4=1)
  Clock Path Skew:        -0.145ns (DCD - SCD + CPR)
    Destination Clock Delay (DCD):    2.660ns = ( 12.660 - 10.000 ) 
    Source Clock Delay      (SCD):    2.920ns
    Clock Pessimism Removal (CPR):    0.115ns
  Clock Uncertainty:      0.035ns  ((TSJ^2 + TIJ^2)^1/2 + DJ) / 2 + PE
    Total System Jitter     (TSJ):    0.071ns
    Total Input Jitter      (TIJ):    0.000ns
    Discrete Jitter          (DJ):    0.000ns
    Phase Error              (PE):    0.000ns

    Location             Delay type                Incr(ns)  Path(ns)    Netlist Resource(s)
  -------------------------------------------------------------------    -------------------
                         (clock gclk rise edge)       0.000     0.000 r  
    N15                                               0.000     0.000 r  clk_100mhz (IN)
                         net (fo=0)                   0.000     0.000    clk_100mhz
    N15                  IBUF (Prop_ibuf_I_O)         1.440     1.440 r  clk_100mhz_IBUF_inst/O
                         net (fo=1, unplaced)         0.800     2.240    clk_100mhz_IBUF
                         BUFG (Prop_bufg_I_O)         0.096     2.336 r  clk_100mhz_IBUF_BUFG_inst/O
                         net (fo=74, unplaced)        0.584     2.920    ball/clk_100mhz_IBUF_BUFG
                         FDRE                                         r  ball/y_center_reg[0]/C
  -------------------------------------------------------------------    -------------------
                         FDRE (Prop_fdre_C_Q)         0.456     3.376 f  ball/y_center_reg[0]/Q
                         net (fo=6, unplaced)         0.773     4.149    ball/y_center[0]
                         LUT4 (Prop_lut4_I1_O)        0.321     4.470 r  ball/y_diff0_carry_i_16/O
                         net (fo=1, unplaced)         0.000     4.470    ball/y_diff0_carry_i_16_n_0
                         CARRY4 (Prop_carry4_DI[0]_CO[3])
                                                      0.553     5.023 r  ball/y_diff0_carry_i_10/CO[3]
                         net (fo=1, unplaced)         0.009     5.032    ball/y_diff0_carry_i_10_n_0
                         CARRY4 (Prop_carry4_CI_CO[0])
                                                      0.293     5.325 r  ball/y_diff0_carry_i_9/CO[0]
                         net (fo=9, unplaced)         0.352     5.677    ball/y_diff2
                         LUT2 (Prop_lut2_I0_O)        0.361     6.038 r  ball/y_diff0_carry_i_4/O
                         net (fo=1, unplaced)         0.000     6.038    ball/y_diff0_carry_i_4_n_0
                         CARRY4 (Prop_carry4_DI[0]_CO[3])
                                                      0.553     6.591 r  ball/y_diff0_carry/CO[3]
                         net (fo=1, unplaced)         0.009     6.600    ball/y_diff0_carry_n_0
                         CARRY4 (Prop_carry4_CI_CO[3])
                                                      0.114     6.714 r  ball/y_diff0_carry__0/CO[3]
                         net (fo=1, unplaced)         0.000     6.714    ball/y_diff0_carry__0_n_0
                         CARRY4 (Prop_carry4_CI_O[1])
                                                      0.348     7.062 r  ball/y_diff0_carry__1/O[1]
                         net (fo=2, unplaced)         0.800     7.862    ball/y_diff0_carry__1_n_6
                         DSP48E1                                      r  ball/in_circle1/B[9]
  -------------------------------------------------------------------    -------------------

                         (clock gclk rise edge)      10.000    10.000 r  
    N15                                               0.000    10.000 r  clk_100mhz (IN)
                         net (fo=0)                   0.000    10.000    clk_100mhz
    N15                  IBUF (Prop_ibuf_I_O)         1.370    11.370 r  clk_100mhz_IBUF_inst/O
                         net (fo=1, unplaced)         0.760    12.130    clk_100mhz_IBUF
                         BUFG (Prop_bufg_I_O)         0.091    12.221 r  clk_100mhz_IBUF_BUFG_inst/O
                         net (fo=74, unplaced)        0.439    12.660    ball/clk_100mhz_IBUF_BUFG
                         DSP48E1                                      r  ball/in_circle1/CLK
                         clock pessimism              0.115    12.775    
                         clock uncertainty           -0.035    12.740    
                         DSP48E1 (Setup_dsp48e1_CLK_B[9])
                                                     -0.629    12.111    ball/in_circle1
  -------------------------------------------------------------------
                         required time                         12.111    
                         arrival time                          -7.862    
  -------------------------------------------------------------------
                         slack                                  4.249    





Min Delay Paths
--------------------------------------------------------------------------------------
Slack (MET) :             0.177ns  (arrival time - required time)
  Source:                 rect/rect_x1_reg[1]/C
                            (rising edge-triggered cell FDRE clocked by gclk  {rise@0.000ns fall@4.000ns period=10.000ns})
  Destination:            ball/y_center_reg[1]/D
                            (rising edge-triggered cell FDRE clocked by gclk  {rise@0.000ns fall@4.000ns period=10.000ns})
  Path Group:             gclk
  Path Type:              Hold (Min at Fast Process Corner)
  Requirement:            0.000ns  (gclk rise@0.000ns - gclk rise@0.000ns)
  Data Path Delay:        0.305ns  (logic 0.141ns (46.298%)  route 0.164ns (53.702%))
  Logic Levels:           0  
  Clock Path Skew:        0.145ns (DCD - SCD - CPR)
    Destination Clock Delay (DCD):    1.039ns
    Source Clock Delay      (SCD):    0.686ns
    Clock Pessimism Removal (CPR):    0.208ns

    Location             Delay type                Incr(ns)  Path(ns)    Netlist Resource(s)
  -------------------------------------------------------------------    -------------------
                         (clock gclk rise edge)       0.000     0.000 r  
    N15                                               0.000     0.000 r  clk_100mhz (IN)
                         net (fo=0)                   0.000     0.000    clk_100mhz
    N15                  IBUF (Prop_ibuf_I_O)         0.209     0.209 r  clk_100mhz_IBUF_inst/O
                         net (fo=1, unplaced)         0.337     0.546    clk_100mhz_IBUF
                         BUFG (Prop_bufg_I_O)         0.026     0.572 r  clk_100mhz_IBUF_BUFG_inst/O
                         net (fo=74, unplaced)        0.114     0.686    rect/clk_100mhz_IBUF_BUFG
                         FDRE                                         r  rect/rect_x1_reg[1]/C
  -------------------------------------------------------------------    -------------------
                         FDRE (Prop_fdre_C_Q)         0.141     0.827 r  rect/rect_x1_reg[1]/Q
                         net (fo=16, unplaced)        0.164     0.990    ball/rect_x1[0][1]
                         FDRE                                         r  ball/y_center_reg[1]/D
  -------------------------------------------------------------------    -------------------

                         (clock gclk rise edge)       0.000     0.000 r  
    N15                                               0.000     0.000 r  clk_100mhz (IN)
                         net (fo=0)                   0.000     0.000    clk_100mhz
    N15                  IBUF (Prop_ibuf_I_O)         0.396     0.396 r  clk_100mhz_IBUF_inst/O
                         net (fo=1, unplaced)         0.355     0.751    clk_100mhz_IBUF
                         BUFG (Prop_bufg_I_O)         0.029     0.780 r  clk_100mhz_IBUF_BUFG_inst/O
                         net (fo=74, unplaced)        0.259     1.039    ball/clk_100mhz_IBUF_BUFG
                         FDRE                                         r  ball/y_center_reg[1]/C
                         clock pessimism             -0.208     0.831    
                         FDRE (Hold_fdre_C_D)        -0.017     0.814    ball/y_center_reg[1]
  -------------------------------------------------------------------
                         required time                         -0.814    
                         arrival time                           0.990    
  -------------------------------------------------------------------
                         slack                                  0.177    





Pulse Width Checks
--------------------------------------------------------------------------------------
Clock Name:         gclk
Waveform(ns):       { 0.000 4.000 }
Period(ns):         10.000
Sources:            { clk_100mhz }

Check Type        Corner  Lib Pin      Reference Pin  Required(ns)  Actual(ns)  Slack(ns)  Location  Pin
Min Period        n/a     DSP48E1/CLK  n/a            3.884         10.000      6.116                ball/x_prod_reg/CLK
Low Pulse Width   Slow    FDRE/C       n/a            0.500         6.000       5.500                ball/in_circle_reg/C
High Pulse Width  Slow    FDRE/C       n/a            0.500         4.000       3.500                ball/in_circle_reg/C



