Copyright 1986-2022 Xilinx, Inc. All Rights Reserved. Copyright 2022-2024 Advanced Micro Devices, Inc. All Rights Reserved.
---------------------------------------------------------------------------------------------------------------------------------------------
| Tool Version : Vivado v.2024.1 (lin64) Build 5076996 Wed May 22 18:36:09 MDT 2024
| Date         : Fri Dec  6 15:52:43 2024
| Host         : eecs-digital-45 running 64-bit Ubuntu 24.04.1 LTS
| Command      : report_utilization -file obj/post_synth_util.rpt -hierarchical -hierarchical_depth 4
| Design       : top_level
| Device       : xc7s50csga324-1
| Speed File   : -1
| Design State : Synthesized
---------------------------------------------------------------------------------------------------------------------------------------------

Utilization Design Information

Table of Contents
-----------------
1. Utilization by Hierarchy

1. Utilization by Hierarchy
---------------------------

+---------------+----------------+------------+------------+---------+------+-----+--------+--------+------------+
|    Instance   |     Module     | Total LUTs | Logic LUTs | LUTRAMs | SRLs | FFs | RAMB36 | RAMB18 | DSP Blocks |
+---------------+----------------+------------+------------+---------+------+-----+--------+--------+------------+
| top_level     |          (top) |        269 |        269 |       0 |    0 |  68 |      0 |      0 |          6 |
|   (top_level) |          (top) |          0 |          0 |       0 |    0 |   0 |      0 |      0 |          0 |
|   ball        |    draw_circle |         45 |         45 |       0 |    0 |  11 |      0 |      0 |          2 |
|   line        |      draw_line |        139 |        139 |       0 |    0 |  45 |      0 |      0 |          4 |
|   rect        | draw_rectangle |         85 |         85 |       0 |    0 |  12 |      0 |      0 |          0 |
+---------------+----------------+------------+------------+---------+------+-----+--------+--------+------------+


