Copyright 1986-2022 Xilinx, Inc. All Rights Reserved. Copyright 2022-2024 Advanced Micro Devices, Inc. All Rights Reserved.
---------------------------------------------------------------------------------------------------------------------------------------------
| Tool Version : Vivado v.2024.1 (lin64) Build 5076996 Wed May 22 18:36:09 MDT 2024
| Date         : Fri Dec  6 15:52:43 2024
| Host         : eecs-digital-45 running 64-bit Ubuntu 24.04.1 LTS
| Command      : report_timing -file obj/post_synth_timing.rpt
| Design       : top_level
| Device       : 7s50-csga324
| Speed File   : -1  PRODUCTION 1.23 2018-06-13
| Design State : Synthesized
---------------------------------------------------------------------------------------------------------------------------------------------

Timing Report

Slack (MET) :             4.249ns  (required time - arrival time)
  Source:                 ball/y_center_reg[0]/C
                            (rising edge-triggered cell FDRE clocked by gclk  {rise@0.000ns fall@4.000ns period=10.000ns})
  Destination:            ball/in_circle1/B[9]
                            (rising edge-triggered cell DSP48E1 clocked by gclk  {rise@0.000ns fall@4.000ns period=10.000ns})
  Path Group:             gclk
  Path Type:              Setup (Max at Slow Process Corner)
  Requirement:            10.000ns  (gclk rise@10.000ns - gclk rise@0.000ns)
  Data Path Delay:        4.942ns  (logic 2.999ns (60.687%)  route 1.943ns (39.313%))
  Logic Levels:           7  (CARRY4=5 LUT2=1 LUT4=1)
  Clock Path Skew:        -0.145ns (DCD - SCD + CPR)
    Destination Clock Delay (DCD):    2.660ns = ( 12.660 - 10.000 ) 
    Source Clock Delay      (SCD):    2.920ns
    Clock Pessimism Removal (CPR):    0.115ns
  Clock Uncertainty:      0.035ns  ((TSJ^2 + TIJ^2)^1/2 + DJ) / 2 + PE
    Total System Jitter     (TSJ):    0.071ns
    Total Input Jitter      (TIJ):    0.000ns
    Discrete Jitter          (DJ):    0.000ns
    Phase Error              (PE):    0.000ns

    Location             Delay type                Incr(ns)  Path(ns)    Netlist Resource(s)
  -------------------------------------------------------------------    -------------------
                         (clock gclk rise edge)       0.000     0.000 r  
    N15                                               0.000     0.000 r  clk_100mhz (IN)
                         net (fo=0)                   0.000     0.000    clk_100mhz
    N15                  IBUF (Prop_ibuf_I_O)         1.440     1.440 r  clk_100mhz_IBUF_inst/O
                         net (fo=1, unplaced)         0.800     2.240    clk_100mhz_IBUF
                         BUFG (Prop_bufg_I_O)         0.096     2.336 r  clk_100mhz_IBUF_BUFG_inst/O
                         net (fo=74, unplaced)        0.584     2.920    ball/clk_100mhz_IBUF_BUFG
                         FDRE                                         r  ball/y_center_reg[0]/C
  -------------------------------------------------------------------    -------------------
                         FDRE (Prop_fdre_C_Q)         0.456     3.376 f  ball/y_center_reg[0]/Q
                         net (fo=6, unplaced)         0.773     4.149    ball/y_center[0]
                         LUT4 (Prop_lut4_I1_O)        0.321     4.470 r  ball/y_diff0_carry_i_16/O
                         net (fo=1, unplaced)         0.000     4.470    ball/y_diff0_carry_i_16_n_0
                         CARRY4 (Prop_carry4_DI[0]_CO[3])
                                                      0.553     5.023 r  ball/y_diff0_carry_i_10/CO[3]
                         net (fo=1, unplaced)         0.009     5.032    ball/y_diff0_carry_i_10_n_0
                         CARRY4 (Prop_carry4_CI_CO[0])
                                                      0.293     5.325 r  ball/y_diff0_carry_i_9/CO[0]
                         net (fo=9, unplaced)         0.352     5.677    ball/y_diff2
                         LUT2 (Prop_lut2_I0_O)        0.361     6.038 r  ball/y_diff0_carry_i_4/O
                         net (fo=1, unplaced)         0.000     6.038    ball/y_diff0_carry_i_4_n_0
                         CARRY4 (Prop_carry4_DI[0]_CO[3])
                                                      0.553     6.591 r  ball/y_diff0_carry/CO[3]
                         net (fo=1, unplaced)         0.009     6.600    ball/y_diff0_carry_n_0
                         CARRY4 (Prop_carry4_CI_CO[3])
                                                      0.114     6.714 r  ball/y_diff0_carry__0/CO[3]
                         net (fo=1, unplaced)         0.000     6.714    ball/y_diff0_carry__0_n_0
                         CARRY4 (Prop_carry4_CI_O[1])
                                                      0.348     7.062 r  ball/y_diff0_carry__1/O[1]
                         net (fo=2, unplaced)         0.800     7.862    ball/y_diff0_carry__1_n_6
                         DSP48E1                                      r  ball/in_circle1/B[9]
  -------------------------------------------------------------------    -------------------

                         (clock gclk rise edge)      10.000    10.000 r  
    N15                                               0.000    10.000 r  clk_100mhz (IN)
                         net (fo=0)                   0.000    10.000    clk_100mhz
    N15                  IBUF (Prop_ibuf_I_O)         1.370    11.370 r  clk_100mhz_IBUF_inst/O
                         net (fo=1, unplaced)         0.760    12.130    clk_100mhz_IBUF
                         BUFG (Prop_bufg_I_O)         0.091    12.221 r  clk_100mhz_IBUF_BUFG_inst/O
                         net (fo=74, unplaced)        0.439    12.660    ball/clk_100mhz_IBUF_BUFG
                         DSP48E1                                      r  ball/in_circle1/CLK
                         clock pessimism              0.115    12.775    
                         clock uncertainty           -0.035    12.740    
                         DSP48E1 (Setup_dsp48e1_CLK_B[9])
                                                     -0.629    12.111    ball/in_circle1
  -------------------------------------------------------------------
                         required time                         12.111    
                         arrival time                          -7.862    
  -------------------------------------------------------------------
                         slack                                  4.249    




